<?xml version="1.0" encoding="UTF-8"?>
<!-- Generated by org.testng.reporters.JUnitReportReporter -->
<testsuite skipped="0" hostname="DESKTOP-9BMLCIN" name="qa.TestCases.RestaurantsPageTest" tests="1" failures="0" timestamp="05 Feb 2019 10:46:37 GMT" time="56.540" errors="0">
  <testcase name="clickOnAddRecord" time="56.540" classname="qa.TestCases.RestaurantsPageTest"/>
</testsuite> <!-- qa.TestCases.RestaurantsPageTest -->
