<?xml version="1.0" encoding="UTF-8"?>
<!-- Generated by org.testng.reporters.JUnitReportReporter -->
<testsuite skipped="0" hostname="DESKTOP-9BMLCIN" name="qa.TestCases.LoginPageTest" tests="3" failures="0" timestamp="31 Jan 2019 04:46:14 GMT" time="48.766" errors="0">
  <testcase name="loginPageTitleTest" time="13.106" classname="qa.TestCases.LoginPageTest"/>
  <testcase name="crmlogoImageTest" time="12.098" classname="qa.TestCases.LoginPageTest"/>
  <testcase name="loginTest" time="23.562" classname="qa.TestCases.LoginPageTest"/>
</testsuite> <!-- qa.TestCases.LoginPageTest -->
