<?xml version="1.0" encoding="UTF-8"?>
<!-- Generated by org.testng.reporters.JUnitReportReporter -->
<testsuite skipped="0" hostname="DESKTOP-9BMLCIN" name="qa.TestCases.LoginPageTest" tests="3" failures="0" timestamp="05 Feb 2019 10:28:15 GMT" time="67.617" errors="0">
  <testcase name="loginPageTitleTest" time="16.527" classname="qa.TestCases.LoginPageTest"/>
  <testcase name="crmlogoImageTest" time="13.232" classname="qa.TestCases.LoginPageTest"/>
  <testcase name="loginTest" time="37.858" classname="qa.TestCases.LoginPageTest"/>
</testsuite> <!-- qa.TestCases.LoginPageTest -->
