<?xml version="1.0" encoding="UTF-8"?>
<!-- Generated by org.testng.reporters.JUnitReportReporter -->
<testsuite skipped="0" hostname="DESKTOP-9BMLCIN" name="qa.TestCases.HomePageTest" tests="2" failures="0" timestamp="31 Jan 2019 06:47:45 GMT" time="57.863" errors="0">
  <testcase name="clickOnRestaurants" time="25.250" classname="qa.TestCases.HomePageTest"/>
  <testcase name="clickOnCouponCode1" time="32.613" classname="qa.TestCases.HomePageTest"/>
</testsuite> <!-- qa.TestCases.HomePageTest -->
