<?xml version="1.0" encoding="UTF-8"?>
<!-- Generated by org.testng.reporters.JUnitReportReporter -->
<testsuite skipped="0" hostname="DESKTOP-9BMLCIN" name="qa.TestCases.HomePageTest" tests="2" failures="0" timestamp="01 Feb 2019 09:44:42 GMT" time="49.731" errors="0">
  <testcase name="clickOnRestaurants" time="24.470" classname="qa.TestCases.HomePageTest"/>
  <testcase name="clickOnCouponCode1" time="25.261" classname="qa.TestCases.HomePageTest"/>
</testsuite> <!-- qa.TestCases.HomePageTest -->
