<?xml version="1.0" encoding="UTF-8"?>
<!-- Generated by org.testng.reporters.JUnitReportReporter -->
<testsuite skipped="0" hostname="DESKTOP-9BMLCIN" name="qa.TestCases.RestaurantsPageTest" tests="1" failures="0" timestamp="01 Feb 2019 11:14:57 GMT" time="60.355" errors="0">
  <testcase name="clickOnAddRecord" time="60.355" classname="qa.TestCases.RestaurantsPageTest"/>
</testsuite> <!-- qa.TestCases.RestaurantsPageTest -->
