<?xml version="1.0" encoding="UTF-8"?>
<!-- Generated by org.testng.reporters.JUnitReportReporter -->
<testsuite skipped="0" hostname="DESKTOP-9BMLCIN" name="qa.TestCases.UsersPageTest" tests="1" failures="0" timestamp="04 Feb 2019 11:27:48 GMT" time="64.685" errors="0">
  <testcase name="clickOnAddRecord" time="64.685" classname="qa.TestCases.UsersPageTest"/>
</testsuite> <!-- qa.TestCases.UsersPageTest -->
