<?xml version="1.0" encoding="UTF-8"?>
<!-- Generated by org.testng.reporters.JUnitReportReporter -->
<testsuite skipped="0" hostname="DESKTOP-9BMLCIN" name="qa.TestCases.RestaurantsPageTest" tests="1" failures="0" timestamp="04 Feb 2019 08:37:46 GMT" time="71.170" errors="0">
  <testcase name="clickOnAddRecord" time="71.170" classname="qa.TestCases.RestaurantsPageTest"/>
</testsuite> <!-- qa.TestCases.RestaurantsPageTest -->
