<?xml version="1.0" encoding="UTF-8"?>
<!-- Generated by org.testng.reporters.JUnitReportReporter -->
<testsuite skipped="0" hostname="DESKTOP-9BMLCIN" name="qa.TestCases.CouponsPageTest" tests="1" failures="0" timestamp="04 Feb 2019 08:39:53 GMT" time="49.687" errors="0">
  <testcase name="clickOnAddRecord" time="49.687" classname="qa.TestCases.CouponsPageTest"/>
</testsuite> <!-- qa.TestCases.CouponsPageTest -->
