<?xml version="1.0" encoding="UTF-8"?>
<!-- Generated by org.testng.reporters.JUnitReportReporter -->
<testsuite skipped="0" hostname="DESKTOP-9BMLCIN" name="qa.TestCases.CouponsPageTest" tests="1" failures="0" timestamp="01 Feb 2019 11:22:27 GMT" time="56.696" errors="0">
  <testcase name="clickOnAddRecord" time="56.696" classname="qa.TestCases.CouponsPageTest"/>
</testsuite> <!-- qa.TestCases.CouponsPageTest -->
