<?xml version="1.0" encoding="UTF-8"?>
<!-- Generated by org.testng.reporters.JUnitReportReporter -->
<testsuite skipped="0" hostname="DESKTOP-9BMLCIN" name="qa.TestCases.OwnersPageTest" tests="1" failures="0" timestamp="04 Feb 2019 11:37:33 GMT" time="55.200" errors="0">
  <testcase name="clickOnAddRecord" time="55.200" classname="qa.TestCases.OwnersPageTest"/>
</testsuite> <!-- qa.TestCases.OwnersPageTest -->
