<?xml version="1.0" encoding="UTF-8"?>
<!-- Generated by org.testng.reporters.JUnitReportReporter -->
<testsuite skipped="0" hostname="DESKTOP-9BMLCIN" name="qa.TestCases.HomePageTest" tests="2" failures="0" timestamp="05 Feb 2019 10:49:08 GMT" time="47.733" errors="0">
  <testcase name="clickOnRestaurants" time="25.058" classname="qa.TestCases.HomePageTest"/>
  <testcase name="clickOnCouponCode1" time="22.675" classname="qa.TestCases.HomePageTest"/>
</testsuite> <!-- qa.TestCases.HomePageTest -->
