<?xml version="1.0" encoding="UTF-8"?>
<!-- Generated by org.testng.reporters.JUnitReportReporter -->
<testsuite skipped="0" hostname="DESKTOP-9BMLCIN" name="qa.TestCases.RestaurantPlansPageTest" tests="1" failures="0" timestamp="04 Feb 2019 09:59:55 GMT" time="53.590" errors="0">
  <testcase name="clickOnAddRecord" time="53.590" classname="qa.TestCases.RestaurantPlansPageTest"/>
</testsuite> <!-- qa.TestCases.RestaurantPlansPageTest -->
