<?xml version="1.0" encoding="UTF-8"?>
<!-- Generated by org.testng.reporters.JUnitReportReporter -->
<testsuite skipped="0" hostname="DESKTOP-9BMLCIN" name="qa.TestCases.DriversPageTest" tests="1" failures="0" timestamp="05 Feb 2019 05:48:09 GMT" time="54.724" errors="0">
  <testcase name="clickOnAddRecord" time="54.724" classname="qa.TestCases.DriversPageTest"/>
</testsuite> <!-- qa.TestCases.DriversPageTest -->
